<?xml version="1.0" encoding="UTF-8"?>
<!-- Generated by org.testng.reporters.JUnitXMLReporter -->
<testsuite ignored="0" hostname="DESKTOP-ORKJ6M0" failures="0" tests="3" name="HomePage" time="3.979" errors="0" timestamp="2024-05-12T06:00:22 IST">
  <testcase classname="com.CRM.Testcases.HomePageTest" name="validateURl" time="0.013"/>
  <testcase classname="com.CRM.Testcases.HomePageTest" name="validateTitle" time="0.01"/>
  <testcase classname="com.CRM.Testcases.HomePageTest" name="validateSignIn" time="0.082"/>
</testsuite> <!-- HomePage -->
