<?xml version="1.0" encoding="UTF-8"?>
<!-- Generated by org.testng.reporters.JUnitXMLReporter -->
<testsuite ignored="0" hostname="DESKTOP-ORKJ6M0" failures="0" tests="3" name="HomePage" time="6.663" errors="0" timestamp="2024-05-13T07:06:35 IST">
  <testcase classname="com.CRM.Testcases.HomePageTest" name="validateURl" time="0.014"/>
  <testcase classname="com.CRM.Testcases.HomePageTest" name="validateTitle" time="0.01"/>
  <testcase classname="com.CRM.Testcases.HomePageTest" name="validateSignIn" time="0.089"/>
</testsuite> <!-- HomePage -->
