<?xml version="1.0" encoding="UTF-8"?>
<testng-results ignored="0" total="4" passed="4" failed="0" skipped="0">
  <reporter-output>
  </reporter-output>
  <suite started-at="2024-05-13T07:06:28 IST" name="Suite" finished-at="2024-05-13T07:06:40 IST" duration-ms="11586">
    <groups>
    </groups>
    <test started-at="2024-05-13T07:06:28 IST" name="HomePage" finished-at="2024-05-13T07:06:35 IST" duration-ms="6663">
      <class name="com.CRM.Testcases.HomePageTest">
        <test-method is-config="true" signature="setUpBrowser()[pri:0, instance:com.CRM.Testcases.HomePageTest@635eaaf1]" started-at="2024-05-13T07:06:28 IST" name="setUpBrowser" finished-at="2024-05-13T07:06:34 IST" duration-ms="5632" status="PASS">
          <reporter-output>
          </reporter-output>
        </test-method> <!-- setUpBrowser -->
        <test-method is-config="true" signature="pageSetup()[pri:0, instance:com.CRM.Testcases.HomePageTest@635eaaf1]" started-at="2024-05-13T07:06:34 IST" name="pageSetup" finished-at="2024-05-13T07:06:34 IST" duration-ms="880" status="PASS">
          <reporter-output>
          </reporter-output>
        </test-method> <!-- pageSetup -->
        <test-method signature="validateURl()[pri:1, instance:com.CRM.Testcases.HomePageTest@635eaaf1]" started-at="2024-05-13T07:06:34 IST" name="validateURl" finished-at="2024-05-13T07:06:34 IST" duration-ms="14" status="PASS">
          <reporter-output>
          </reporter-output>
        </test-method> <!-- validateURl -->
        <test-method signature="validateTitle()[pri:2, instance:com.CRM.Testcases.HomePageTest@635eaaf1]" started-at="2024-05-13T07:06:34 IST" name="validateTitle" finished-at="2024-05-13T07:06:34 IST" duration-ms="10" status="PASS">
          <reporter-output>
          </reporter-output>
        </test-method> <!-- validateTitle -->
        <test-method signature="validateSignIn()[pri:3, instance:com.CRM.Testcases.HomePageTest@635eaaf1]" started-at="2024-05-13T07:06:34 IST" name="validateSignIn" finished-at="2024-05-13T07:06:35 IST" duration-ms="89" status="PASS">
          <reporter-output>
          </reporter-output>
        </test-method> <!-- validateSignIn -->
      </class> <!-- com.CRM.Testcases.HomePageTest -->
    </test> <!-- HomePage -->
    <test started-at="2024-05-13T07:06:35 IST" name="LoginPage" finished-at="2024-05-13T07:06:40 IST" duration-ms="4892">
      <class name="com.CRM.Testcases.LoginPageTest">
        <test-method is-config="true" signature="setUpBrowser()[pri:0, instance:com.CRM.Testcases.LoginPageTest@333291e3]" started-at="2024-05-13T07:06:35 IST" name="setUpBrowser" finished-at="2024-05-13T07:06:37 IST" duration-ms="2450" status="PASS">
          <reporter-output>
          </reporter-output>
        </test-method> <!-- setUpBrowser -->
        <test-method is-config="true" signature="pageSetup()[pri:0, instance:com.CRM.Testcases.LoginPageTest@333291e3]" started-at="2024-05-13T07:06:37 IST" name="pageSetup" finished-at="2024-05-13T07:06:38 IST" duration-ms="887" status="PASS">
          <reporter-output>
          </reporter-output>
        </test-method> <!-- pageSetup -->
        <test-method signature="validateLogin()[pri:0, instance:com.CRM.Testcases.LoginPageTest@333291e3]" started-at="2024-05-13T07:06:38 IST" name="validateLogin" finished-at="2024-05-13T07:06:40 IST" duration-ms="1554" status="PASS">
          <reporter-output>
          </reporter-output>
        </test-method> <!-- validateLogin -->
      </class> <!-- com.CRM.Testcases.LoginPageTest -->
    </test> <!-- LoginPage -->
  </suite> <!-- Suite -->
</testng-results>
