<?xml version="1.0" encoding="UTF-8"?>
<testng-results ignored="0" total="1" passed="1" failed="0" skipped="0">
  <reporter-output>
  </reporter-output>
  <suite started-at="2024-05-13T07:08:22 IST" name="Default suite" finished-at="2024-05-13T07:08:26 IST" duration-ms="4394">
    <groups>
    </groups>
    <test started-at="2024-05-13T07:08:22 IST" name="Default test" finished-at="2024-05-13T07:08:26 IST" duration-ms="4394">
      <class name="com.CRM.Testcases.LoginPageTest">
        <test-method is-config="true" signature="setUpBrowser()[pri:0, instance:com.CRM.Testcases.LoginPageTest@7fa98a66]" started-at="2024-05-13T07:08:22 IST" name="setUpBrowser" finished-at="2024-05-13T07:08:25 IST" duration-ms="2848" status="PASS">
          <reporter-output>
          </reporter-output>
        </test-method> <!-- setUpBrowser -->
        <test-method is-config="true" signature="pageSetup()[pri:0, instance:com.CRM.Testcases.LoginPageTest@7fa98a66]" started-at="2024-05-13T07:08:25 IST" name="pageSetup" finished-at="2024-05-13T07:08:26 IST" duration-ms="883" status="PASS">
          <reporter-output>
          </reporter-output>
        </test-method> <!-- pageSetup -->
        <test-method signature="validateLogin()[pri:0, instance:com.CRM.Testcases.LoginPageTest@7fa98a66]" started-at="2024-05-13T07:08:26 IST" name="validateLogin" finished-at="2024-05-13T07:08:26 IST" duration-ms="632" status="PASS">
          <reporter-output>
          </reporter-output>
        </test-method> <!-- validateLogin -->
      </class> <!-- com.CRM.Testcases.LoginPageTest -->
    </test> <!-- Default test -->
  </suite> <!-- Default suite -->
</testng-results>
